<?xml version="1.0" encoding="UTF-8"?>
<!-- Generated by org.testng.reporters.JUnitReportReporter -->
<testsuite hostname="QT-INBG-LT0322" failures="0" tests="1" name="TestRunner.TestRunner" time="12.405" errors="0" timestamp="2023-03-03T14:33:21 IST" skipped="0">
  <testcase classname="TestRunner.TestRunner" name="runScenario" time="12.405"/>
  <system-out/>
</testsuite> <!-- TestRunner.TestRunner -->
